#-----------------------------------------------------------
# Vivado v2018.3 (64-bit)
# SW Build 2405991 on Thu Dec  6 23:38:27 MST 2018
# IP Build 2404404 on Fri Dec  7 01:43:56 MST 2018
# Start of session at: Wed Jul 13 11:44:06 2022
# Process ID: 9916
# Current directory: C:/Users/finger/Desktop/mycpu4
# Command line: vivado.exe -gui_launcher_event rodinguilauncherevent7808 C:\Users\finger\Desktop\mycpu4\mycpu4.xpr
# Log file: C:/Users/finger/Desktop/mycpu4/vivado.log
# Journal file: C:/Users/finger/Desktop/mycpu4\vivado.jou
#-----------------------------------------------------------
start_gui
open_project C:/Users/finger/Desktop/mycpu4/mycpu4.xpr
Scanning sources...
Finished scanning sources
INFO: [IP_Flow 19-234] Refreshing IP repositories
INFO: [IP_Flow 19-1704] No user IP repositories specified
INFO: [IP_Flow 19-2313] Loaded Vivado IP repository 'D:/Vivado/2018.3/data/ip'.
open_project: Time (s): cpu = 00:00:17 ; elapsed = 00:00:08 . Memory (MB): peak = 654.152 ; gain = 85.504
update_compile_order -fileset sources_1
update_compile_order -fileset sources_1
update_compile_order -fileset sources_1
update_compile_order -fileset sources_1
close [ open C:/Users/finger/Desktop/mycpu4/mycpu4.srcs/sources_1/new/ForwardUnit.v w ]
add_files C:/Users/finger/Desktop/mycpu4/mycpu4.srcs/sources_1/new/ForwardUnit.v
update_compile_order -fileset sources_1
update_compile_order -fileset sources_1
update_compile_order -fileset sources_1
update_compile_order -fileset sources_1
update_compile_order -fileset sources_1
update_compile_order -fileset sources_1
update_compile_order -fileset sources_1
update_compile_order -fileset sources_1
exit
INFO: [Common 17-206] Exiting Vivado at Wed Jul 13 16:52:57 2022...
