#-----------------------------------------------------------
# Vivado v2018.3 (64-bit)
# SW Build 2405991 on Thu Dec  6 23:38:27 MST 2018
# IP Build 2404404 on Fri Dec  7 01:43:56 MST 2018
# Start of session at: Wed Jul 13 16:53:10 2022
# Process ID: 17448
# Current directory: C:/Users/finger/Desktop/mycpu4
# Command line: vivado.exe -gui_launcher_event rodinguilauncherevent11496 C:\Users\finger\Desktop\mycpu4\mycpu4.xpr
# Log file: C:/Users/finger/Desktop/mycpu4/vivado.log
# Journal file: C:/Users/finger/Desktop/mycpu4\vivado.jou
#-----------------------------------------------------------
start_gui
open_project C:/Users/finger/Desktop/mycpu4/mycpu4.xpr
Scanning sources...
Finished scanning sources
INFO: [IP_Flow 19-234] Refreshing IP repositories
INFO: [IP_Flow 19-1704] No user IP repositories specified
INFO: [IP_Flow 19-2313] Loaded Vivado IP repository 'D:/Vivado/2018.3/data/ip'.
open_project: Time (s): cpu = 00:00:13 ; elapsed = 00:00:05 . Memory (MB): peak = 681.680 ; gain = 66.035
update_compile_order -fileset sources_1
close [ open C:/Users/finger/Desktop/mycpu4/mycpu4.srcs/sources_1/new/DRAM_TEMP.v w ]
add_files C:/Users/finger/Desktop/mycpu4/mycpu4.srcs/sources_1/new/DRAM_TEMP.v
update_compile_order -fileset sources_1
export_ip_user_files -of_objects  [get_files C:/Users/finger/Desktop/mycpu4/mycpu4.srcs/sources_1/new/DRAM_TEMP.v] -no_script -reset -force -quiet
remove_files  C:/Users/finger/Desktop/mycpu4/mycpu4.srcs/sources_1/new/DRAM_TEMP.v
remove_files  C:/Users/finger/Desktop/mycpu4/mycpu4.srcs/sources_1/new/DRAM_TEMP.v
WARNING: [Vivado 12-818] No files matched 'C:/Users/finger/Desktop/mycpu4/mycpu4.srcs/sources_1/new/DRAM_TEMP.v'
update_compile_order -fileset sources_1
update_compile_order -fileset sources_1
update_compile_order -fileset sources_1
update_compile_order -fileset sources_1
update_compile_order -fileset sources_1
close [ open C:/Users/finger/Desktop/mycpu4/mycpu4.srcs/sources_1/new/pin.xdc w ]
add_files C:/Users/finger/Desktop/mycpu4/mycpu4.srcs/sources_1/new/pin.xdc
set_property file_type Verilog [get_files  C:/Users/finger/Desktop/mycpu4/mycpu4.srcs/sources_1/new/pin.xdc]
update_compile_order -fileset sources_1
file mkdir C:/Users/finger/Desktop/mycpu4/mycpu4.srcs/constrs_1
file mkdir C:/Users/finger/Desktop/mycpu4/mycpu4.srcs/constrs_1/new
close [ open C:/Users/finger/Desktop/mycpu4/mycpu4.srcs/constrs_1/new/clock.xdc w ]
add_files -fileset constrs_1 C:/Users/finger/Desktop/mycpu4/mycpu4.srcs/constrs_1/new/clock.xdc
close [ open C:/Users/finger/Desktop/mycpu4/mycpu4.srcs/constrs_1/new/pin.xdc w ]
add_files -fileset constrs_1 C:/Users/finger/Desktop/mycpu4/mycpu4.srcs/constrs_1/new/pin.xdc
export_ip_user_files -of_objects  [get_files C:/Users/finger/Desktop/mycpu4/mycpu4.srcs/sources_1/new/pin.xdc] -no_script -reset -force -quiet
remove_files  C:/Users/finger/Desktop/mycpu4/mycpu4.srcs/sources_1/new/pin.xdc
remove_files  C:/Users/finger/Desktop/mycpu4/mycpu4.srcs/sources_1/new/pin.xdc
WARNING: [Vivado 12-818] No files matched 'C:/Users/finger/Desktop/mycpu4/mycpu4.srcs/sources_1/new/pin.xdc'
launch_runs impl_1 -to_step write_bitstream -jobs 8
[Thu Jul 14 19:03:24 2022] Launched synth_1...
Run output will be captured here: C:/Users/finger/Desktop/mycpu4/mycpu4.runs/synth_1/runme.log
[Thu Jul 14 19:03:24 2022] Launched impl_1...
Run output will be captured here: C:/Users/finger/Desktop/mycpu4/mycpu4.runs/impl_1/runme.log
open_hw
connect_hw_server
INFO: [Labtools 27-2285] Connecting to hw_server url TCP:localhost:3121
INFO: [Labtools 27-2222] Launching hw_server...
INFO: [Labtools 27-2221] Launch Output:

****** Xilinx hw_server v2018.3
  **** Build date : Dec  7 2018-00:40:27
    ** Copyright 1986-2018 Xilinx, Inc. All Rights Reserved.


disconnect_hw_server localhost:3121
connect_hw_server
INFO: [Labtools 27-2285] Connecting to hw_server url TCP:localhost:3121
disconnect_hw_server localhost:3121
connect_hw_server
INFO: [Labtools 27-2285] Connecting to hw_server url TCP:localhost:3121
disconnect_hw_server localhost:3121
connect_hw_server
INFO: [Labtools 27-2285] Connecting to hw_server url TCP:localhost:3121
disconnect_hw_server localhost:3121
connect_hw_server
INFO: [Labtools 27-2285] Connecting to hw_server url TCP:localhost:3121
ERROR: [Labtoolstcl 44-494] There is no active target available for server at localhost.
 Targets(s) ", jsn1" may be locked by another hw_server.
INFO: [Labtools 27-2285] Connecting to hw_server url TCP:xjx:3121
ERROR: [Labtools 27-2223] Unable to connect to hw_server with URL "TCP:xjx:3121".
Resolution: 1. Check the host name, port number and network connectivity.
2. Check to ensure the hw_server is running on the target.
ERROR: [Common 17-39] 'connect_hw_server' failed due to earlier errors.
connect_hw_server
INFO: [Labtools 27-2285] Connecting to hw_server url TCP:localhost:3121
open_hw_target
INFO: [Labtoolstcl 44-466] Opening hw_target localhost:3121/xilinx_tcf/Xilinx/Port_#0002.Hub_#0001
ERROR: [Labtools 27-2269] No devices detected on target localhost:3121/xilinx_tcf/Xilinx/Port_#0002.Hub_#0001.
Check cable connectivity and that the target board is powered up then
use the disconnect_hw_server and connect_hw_server to re-register this hardware target.
ERROR: [Common 17-39] 'open_hw_target' failed due to earlier errors.
refresh_hw_target {localhost:3121/xilinx_tcf/Xilinx/Port_#0002.Hub_#0001}
ERROR: [Labtools 27-2269] No devices detected on target localhost:3121/xilinx_tcf/Xilinx/Port_#0002.Hub_#0001.
Check cable connectivity and that the target board is powered up then
use the disconnect_hw_server and connect_hw_server to re-register this hardware target.
ERROR: [Common 17-39] 'refresh_hw_target' failed due to earlier errors.
close_hw_target {localhost:3121/xilinx_tcf/Xilinx/Port_#0002.Hub_#0001}
INFO: [Labtoolstcl 44-464] Closing hw_target localhost:3121/xilinx_tcf/Xilinx/Port_#0002.Hub_#0001
disconnect_hw_server localhost:3121
connect_hw_server
INFO: [Labtools 27-2285] Connecting to hw_server url TCP:localhost:3121
open_hw_target
INFO: [Labtoolstcl 44-466] Opening hw_target localhost:3121/xilinx_tcf/Xilinx/Port_#0002.Hub_#0001
ERROR: [Labtools 27-2269] No devices detected on target localhost:3121/xilinx_tcf/Xilinx/Port_#0002.Hub_#0001.
Check cable connectivity and that the target board is powered up then
use the disconnect_hw_server and connect_hw_server to re-register this hardware target.
ERROR: [Common 17-39] 'open_hw_target' failed due to earlier errors.
refresh_hw_target {localhost:3121/xilinx_tcf/Xilinx/Port_#0002.Hub_#0001}
ERROR: [Labtools 27-2269] No devices detected on target localhost:3121/xilinx_tcf/Xilinx/Port_#0002.Hub_#0001.
Check cable connectivity and that the target board is powered up then
use the disconnect_hw_server and connect_hw_server to re-register this hardware target.
ERROR: [Common 17-39] 'refresh_hw_target' failed due to earlier errors.
close_hw_target {localhost:3121/xilinx_tcf/Xilinx/Port_#0002.Hub_#0001}
INFO: [Labtoolstcl 44-464] Closing hw_target localhost:3121/xilinx_tcf/Xilinx/Port_#0002.Hub_#0001
disconnect_hw_server localhost:3121
connect_hw_server
INFO: [Labtools 27-2285] Connecting to hw_server url TCP:localhost:3121
open_hw_target
INFO: [Labtoolstcl 44-466] Opening hw_target localhost:3121/xilinx_tcf/Xilinx/Port_#0002.Hub_#0001
ERROR: [Labtools 27-2269] No devices detected on target localhost:3121/xilinx_tcf/Xilinx/Port_#0002.Hub_#0001.
Check cable connectivity and that the target board is powered up then
use the disconnect_hw_server and connect_hw_server to re-register this hardware target.
ERROR: [Common 17-39] 'open_hw_target' failed due to earlier errors.
close_hw_target {localhost:3121/xilinx_tcf/Xilinx/Port_#0002.Hub_#0001}
INFO: [Labtoolstcl 44-464] Closing hw_target localhost:3121/xilinx_tcf/Xilinx/Port_#0002.Hub_#0001
refresh_hw_server {localhost:3121}
disconnect_hw_server localhost:3121
connect_hw_server
INFO: [Labtools 27-2285] Connecting to hw_server url TCP:localhost:3121
open_hw_target
INFO: [Labtoolstcl 44-466] Opening hw_target localhost:3121/xilinx_tcf/Xilinx/Port_#0002.Hub_#0001
ERROR: [Labtools 27-2269] No devices detected on target localhost:3121/xilinx_tcf/Xilinx/Port_#0002.Hub_#0001.
Check cable connectivity and that the target board is powered up then
use the disconnect_hw_server and connect_hw_server to re-register this hardware target.
ERROR: [Common 17-39] 'open_hw_target' failed due to earlier errors.
INFO: [Labtools 27-2285] Connecting to hw_server url TCP:jsn2:3121
ERROR: [Labtools 27-2223] Unable to connect to hw_server with URL "TCP:jsn2:3121".
Resolution: 1. Check the host name, port number and network connectivity.
2. Check to ensure the hw_server is running on the target.
ERROR: [Common 17-39] 'connect_hw_server' failed due to earlier errors.
connect_hw_server
INFO: [Labtools 27-2285] Connecting to hw_server url TCP:localhost:3121
open_hw_target
INFO: [Labtoolstcl 44-466] Opening hw_target localhost:3121/xilinx_tcf/Xilinx/Port_#0002.Hub_#0001
ERROR: [Labtools 27-2269] No devices detected on target localhost:3121/xilinx_tcf/Xilinx/Port_#0002.Hub_#0001.
Check cable connectivity and that the target board is powered up then
use the disconnect_hw_server and connect_hw_server to re-register this hardware target.
ERROR: [Common 17-39] 'open_hw_target' failed due to earlier errors.
ERROR: [Labtoolstcl 44-513] HW Target shutdown. Closing target: localhost:3121/xilinx_tcf/Xilinx/Port_#0002.Hub_#0001
disconnect_hw_server localhost:3121
connect_hw_server
INFO: [Labtools 27-2285] Connecting to hw_server url TCP:localhost:3121
open_hw_target
INFO: [Labtoolstcl 44-466] Opening hw_target localhost:3121/xilinx_tcf/Xilinx/Port_#0002.Hub_#0001
open_hw_target: Time (s): cpu = 00:00:05 ; elapsed = 00:00:05 . Memory (MB): peak = 2006.215 ; gain = 874.266
set_property PROGRAM.FILE {C:/Users/finger/Desktop/mycpu4/mycpu4.runs/impl_1/cpu_top.bit} [get_hw_devices xc7a100t_0]
current_hw_device [get_hw_devices xc7a100t_0]
refresh_hw_device -update_hw_probes false [lindex [get_hw_devices xc7a100t_0] 0]
INFO: [Labtools 27-1434] Device xc7a100t (JTAG device index = 0) is programmed with a design that has no supported debug core(s) in it.
set_property PROBES.FILE {} [get_hw_devices xc7a100t_0]
set_property FULL_PROBES.FILE {} [get_hw_devices xc7a100t_0]
set_property PROGRAM.FILE {C:/Users/finger/Desktop/mycpu4/mycpu4.runs/impl_1/cpu_top.bit} [get_hw_devices xc7a100t_0]
program_hw_devices [get_hw_devices xc7a100t_0]
INFO: [Labtools 27-3164] End of startup status: HIGH
program_hw_devices: Time (s): cpu = 00:00:09 ; elapsed = 00:00:08 . Memory (MB): peak = 2009.859 ; gain = 0.000
refresh_hw_device [lindex [get_hw_devices xc7a100t_0] 0]
INFO: [Labtools 27-1434] Device xc7a100t (JTAG device index = 0) is programmed with a design that has no supported debug core(s) in it.
reset_run synth_1
launch_runs impl_1 -to_step write_bitstream -jobs 8
[Thu Jul 14 19:16:25 2022] Launched synth_1...
Run output will be captured here: C:/Users/finger/Desktop/mycpu4/mycpu4.runs/synth_1/runme.log
[Thu Jul 14 19:16:25 2022] Launched impl_1...
Run output will be captured here: C:/Users/finger/Desktop/mycpu4/mycpu4.runs/impl_1/runme.log
set_property PROBES.FILE {} [get_hw_devices xc7a100t_0]
set_property FULL_PROBES.FILE {} [get_hw_devices xc7a100t_0]
set_property PROGRAM.FILE {C:/Users/finger/Desktop/mycpu4/mycpu4.runs/impl_1/cpu_top.bit} [get_hw_devices xc7a100t_0]
program_hw_devices [get_hw_devices xc7a100t_0]
INFO: [Labtools 27-3164] End of startup status: HIGH
program_hw_devices: Time (s): cpu = 00:00:08 ; elapsed = 00:00:08 . Memory (MB): peak = 2009.859 ; gain = 0.000
refresh_hw_device [lindex [get_hw_devices xc7a100t_0] 0]
INFO: [Labtools 27-1434] Device xc7a100t (JTAG device index = 0) is programmed with a design that has no supported debug core(s) in it.
set_property PROBES.FILE {} [get_hw_devices xc7a100t_0]
set_property FULL_PROBES.FILE {} [get_hw_devices xc7a100t_0]
set_property PROGRAM.FILE {C:/Users/finger/Desktop/mycpu4/mycpu4.runs/impl_1/cpu_top.bit} [get_hw_devices xc7a100t_0]
program_hw_devices [get_hw_devices xc7a100t_0]
INFO: [Labtools 27-3164] End of startup status: HIGH
program_hw_devices: Time (s): cpu = 00:00:09 ; elapsed = 00:00:08 . Memory (MB): peak = 2009.859 ; gain = 0.000
refresh_hw_device [lindex [get_hw_devices xc7a100t_0] 0]
INFO: [Labtools 27-1434] Device xc7a100t (JTAG device index = 0) is programmed with a design that has no supported debug core(s) in it.
reset_run synth_1
launch_runs impl_1 -to_step write_bitstream -jobs 8
[Thu Jul 14 19:31:17 2022] Launched synth_1...
Run output will be captured here: C:/Users/finger/Desktop/mycpu4/mycpu4.runs/synth_1/runme.log
[Thu Jul 14 19:31:17 2022] Launched impl_1...
Run output will be captured here: C:/Users/finger/Desktop/mycpu4/mycpu4.runs/impl_1/runme.log
set_property PROBES.FILE {} [get_hw_devices xc7a100t_0]
set_property FULL_PROBES.FILE {} [get_hw_devices xc7a100t_0]
set_property PROGRAM.FILE {C:/Users/finger/Desktop/mycpu4/mycpu4.runs/impl_1/cpu_top.bit} [get_hw_devices xc7a100t_0]
program_hw_devices [get_hw_devices xc7a100t_0]
INFO: [Labtools 27-3164] End of startup status: HIGH
program_hw_devices: Time (s): cpu = 00:00:08 ; elapsed = 00:00:08 . Memory (MB): peak = 2129.750 ; gain = 0.000
refresh_hw_device [lindex [get_hw_devices xc7a100t_0] 0]
INFO: [Labtools 27-1434] Device xc7a100t (JTAG device index = 0) is programmed with a design that has no supported debug core(s) in it.
set_property -dict [list CONFIG.CLKOUT1_REQUESTED_OUT_FREQ {60} CONFIG.MMCM_DIVCLK_DIVIDE {5} CONFIG.MMCM_CLKFBOUT_MULT_F {49.875} CONFIG.MMCM_CLKOUT0_DIVIDE_F {16.625} CONFIG.CLKOUT1_JITTER {259.955} CONFIG.CLKOUT1_PHASE_ERROR {293.793}] [get_ips cpuclk]
generate_target all [get_files  C:/Users/finger/Desktop/mycpu4/mycpu4.srcs/sources_1/ip/cpuclk/cpuclk.xci]
INFO: [IP_Flow 19-1686] Generating 'Instantiation Template' target for IP 'cpuclk'...
INFO: [IP_Flow 19-1686] Generating 'Synthesis' target for IP 'cpuclk'...
INFO: [IP_Flow 19-1686] Generating 'Simulation' target for IP 'cpuclk'...
INFO: [IP_Flow 19-1686] Generating 'Implementation' target for IP 'cpuclk'...
INFO: [IP_Flow 19-1686] Generating 'Change Log' target for IP 'cpuclk'...
catch { config_ip_cache -export [get_ips -all cpuclk] }
export_ip_user_files -of_objects [get_files C:/Users/finger/Desktop/mycpu4/mycpu4.srcs/sources_1/ip/cpuclk/cpuclk.xci] -no_script -sync -force -quiet
reset_run cpuclk_synth_1
launch_runs -jobs 8 cpuclk_synth_1
[Thu Jul 14 19:40:26 2022] Launched cpuclk_synth_1...
Run output will be captured here: C:/Users/finger/Desktop/mycpu4/mycpu4.runs/cpuclk_synth_1/runme.log
export_simulation -of_objects [get_files C:/Users/finger/Desktop/mycpu4/mycpu4.srcs/sources_1/ip/cpuclk/cpuclk.xci] -directory C:/Users/finger/Desktop/mycpu4/mycpu4.ip_user_files/sim_scripts -ip_user_files_dir C:/Users/finger/Desktop/mycpu4/mycpu4.ip_user_files -ipstatic_source_dir C:/Users/finger/Desktop/mycpu4/mycpu4.ip_user_files/ipstatic -lib_map_path [list {modelsim=C:/Users/finger/Desktop/mycpu4/mycpu4.cache/compile_simlib/modelsim} {questa=C:/Users/finger/Desktop/mycpu4/mycpu4.cache/compile_simlib/questa} {riviera=C:/Users/finger/Desktop/mycpu4/mycpu4.cache/compile_simlib/riviera} {activehdl=C:/Users/finger/Desktop/mycpu4/mycpu4.cache/compile_simlib/activehdl}] -use_ip_compiled_libs -force -quiet
reset_run cpuclk_synth_1
WARNING: [Vivado 12-1017] Problems encountered:
1. PID not specified

exit
INFO: [Common 17-206] Exiting Vivado at Thu Jul 14 19:41:38 2022...
